<?xml version="1.0" encoding="UTF-8"?>
<!-- Generated by org.testng.reporters.JUnitReportReporter -->
<testsuite hostname="LAPTOP-PPEER480" failures="0" tests="1" name="com.PRregressionSuite.TestScripts_PR_Regression" time="17.578" errors="0" timestamp="2021-06-12T10:55:13 EDT" skipped="0">
  <testcase classname="com.PRregressionSuite.TestScripts_PR_Regression" name="LoginValidation" time="17.578"/>
  <system-out/>
</testsuite> <!-- com.PRregressionSuite.TestScripts_PR_Regression -->
