<?xml version="1.0" encoding="UTF-8"?>
<!-- Generated by org.testng.reporters.JUnitReportReporter -->
<testsuite hostname="LAPTOP-PPEER480" failures="0" tests="1" name="com.ProfoundRadiance.PRTax.PR_Regression_Suite" time="45.842" errors="0" timestamp="2021-04-19T13:52:30 EDT" skipped="0">
  <testcase classname="com.ProfoundRadiance.PRTax.PR_Regression_Suite" name="PRuserInOfficeAppointment" time="45.842"/>
  <system-out/>
</testsuite> <!-- com.ProfoundRadiance.PRTax.PR_Regression_Suite -->
