<?xml version="1.0" encoding="UTF-8"?>
<!-- Generated by org.testng.reporters.JUnitReportReporter -->
<testsuite skipped="0" hostname="DESKTOP-GUI3J36" name="com.PRregressionSuite.TestScripts_PR_Regression" tests="2" failures="0" timestamp="2021-06-27T12:54:17 EDT" time="30.092" errors="0">
  <testcase name="loginValidation" time="15.607" classname="com.PRregressionSuite.TestScripts_PR_Regression"/>
  <system-out/>
  <testcase name="makeInOfficeAppointmentValidation" time="14.485" classname="com.PRregressionSuite.TestScripts_PR_Regression"/>
  <system-out/>
</testsuite> <!-- com.PRregressionSuite.TestScripts_PR_Regression -->
